<?xml version="1.0" encoding="UTF-8"?>
<testng-results ignored="0" total="5" passed="5" failed="0" skipped="0">
  <reporter-output>
  </reporter-output>
  <suite started-at="2024-12-31T15:21:42 IST" name="Default suite" finished-at="2024-12-31T15:21:52 IST" duration-ms="9759">
    <groups>
      <group name="cucumber">
        <method signature="AbstractTestNGCucumberTests.runScenario(io.cucumber.testng.PickleWrapper,io.cucumber.testng.FeatureWrapper)[pri:0, instance:runner.DigiSimulationRunner@4a8355dd]" name="runScenario" class="io.cucumber.testng.AbstractTestNGCucumberTests"/>
      </group> <!-- cucumber -->
    </groups>
    <test started-at="2024-12-31T15:21:42 IST" name="Default test" finished-at="2024-12-31T15:21:52 IST" duration-ms="9759">
      <class name="runner.DigiSimulationRunner">
        <test-method is-config="true" signature="setUpClass(org.testng.ITestContext)[pri:0, instance:runner.DigiSimulationRunner@4a8355dd]" started-at="2024-12-31T15:21:42 IST" name="setUpClass" finished-at="2024-12-31T15:21:42 IST" duration-ms="335" status="PASS">
          <params>
            <param index="0">
              <value>
                <![CDATA[org.testng.TestRunner@1be4a7e3]]>
              </value>
            </param>
          </params>
          <reporter-output>
          </reporter-output>
        </test-method> <!-- setUpClass -->
        <test-method signature="runScenario(io.cucumber.testng.PickleWrapper,io.cucumber.testng.FeatureWrapper)[pri:0, instance:runner.DigiSimulationRunner@4a8355dd]" started-at="2024-12-31T15:21:42 IST" name="runScenario" description="Runs Cucumber Scenarios" data-provider="scenarios" finished-at="2024-12-31T15:21:44 IST" duration-ms="1606" status="PASS">
          <params>
            <param index="0">
              <value>
                <![CDATA["verify if ProductCart player login API is working"]]>
              </value>
            </param>
            <param index="1">
              <value>
                <![CDATA["validate ProductCart API"]]>
              </value>
            </param>
          </params>
          <reporter-output>
          </reporter-output>
        </test-method> <!-- runScenario -->
        <test-method signature="runScenario(io.cucumber.testng.PickleWrapper,io.cucumber.testng.FeatureWrapper)[pri:0, instance:runner.DigiSimulationRunner@4a8355dd]" started-at="2024-12-31T15:21:44 IST" name="runScenario" description="Runs Cucumber Scenarios" data-provider="scenarios" finished-at="2024-12-31T15:21:44 IST" duration-ms="376" status="PASS">
          <params>
            <param index="0">
              <value>
                <![CDATA["verify if ProductCartAdd API is working"]]>
              </value>
            </param>
            <param index="1">
              <value>
                <![CDATA["validate ProductCart API"]]>
              </value>
            </param>
          </params>
          <reporter-output>
          </reporter-output>
        </test-method> <!-- runScenario -->
        <test-method signature="runScenario(io.cucumber.testng.PickleWrapper,io.cucumber.testng.FeatureWrapper)[pri:0, instance:runner.DigiSimulationRunner@4a8355dd]" started-at="2024-12-31T15:21:44 IST" name="runScenario" description="Runs Cucumber Scenarios" data-provider="scenarios" finished-at="2024-12-31T15:21:45 IST" duration-ms="653" status="PASS">
          <params>
            <param index="0">
              <value>
                <![CDATA["verify if ProductCartGetAll API is working"]]>
              </value>
            </param>
            <param index="1">
              <value>
                <![CDATA["validate ProductCart API"]]>
              </value>
            </param>
          </params>
          <reporter-output>
          </reporter-output>
        </test-method> <!-- runScenario -->
        <test-method signature="runScenario(io.cucumber.testng.PickleWrapper,io.cucumber.testng.FeatureWrapper)[pri:0, instance:runner.DigiSimulationRunner@4a8355dd]" started-at="2024-12-31T15:21:45 IST" name="runScenario" description="Runs Cucumber Scenarios" data-provider="scenarios" finished-at="2024-12-31T15:21:45 IST" duration-ms="278" status="PASS">
          <params>
            <param index="0">
              <value>
                <![CDATA["verify if ProductCartUpdate API is working"]]>
              </value>
            </param>
            <param index="1">
              <value>
                <![CDATA["validate ProductCart API"]]>
              </value>
            </param>
          </params>
          <reporter-output>
          </reporter-output>
        </test-method> <!-- runScenario -->
        <test-method signature="runScenario(io.cucumber.testng.PickleWrapper,io.cucumber.testng.FeatureWrapper)[pri:0, instance:runner.DigiSimulationRunner@4a8355dd]" started-at="2024-12-31T15:21:45 IST" name="runScenario" description="Runs Cucumber Scenarios" data-provider="scenarios" finished-at="2024-12-31T15:21:48 IST" duration-ms="3302" status="PASS">
          <params>
            <param index="0">
              <value>
                <![CDATA["verify if ProductCartDelete API is working"]]>
              </value>
            </param>
            <param index="1">
              <value>
                <![CDATA["validate ProductCart API"]]>
              </value>
            </param>
          </params>
          <reporter-output>
          </reporter-output>
        </test-method> <!-- runScenario -->
        <test-method is-config="true" signature="tearDownClass()[pri:0, instance:runner.DigiSimulationRunner@4a8355dd]" started-at="2024-12-31T15:21:48 IST" name="tearDownClass" finished-at="2024-12-31T15:21:52 IST" duration-ms="3182" status="PASS">
          <reporter-output>
          </reporter-output>
        </test-method> <!-- tearDownClass -->
      </class> <!-- runner.DigiSimulationRunner -->
    </test> <!-- Default test -->
  </suite> <!-- Default suite -->
</testng-results>
